<?xml version="1.0" encoding="UTF-8"?>
<!-- Generated by org.testng.reporters.JUnitXMLReporter -->
<testsuite hostname="DESKTOP-SAMJ4PE" name="Surefire test" tests="1" failures="1" timestamp="23 Jan 2020 14:15:50 GMT" time="17.063" errors="0">
  <testcase name="Login" time="17.036" classname="com.orglearningMaven.HelloWorldTest">
    <failure type="org.openqa.selenium.SessionNotCreatedException" message="session not created
from chrome not reachable
  (Session info: chrome=79.0.3945.130)
Build info: version: &amp;apos;3.141.59&amp;apos;, revision: &amp;apos;e82be7d358&amp;apos;, time: &amp;apos;2018-11-14T08:17:03&amp;apos;
System info: host: &amp;apos;DESKTOP-SAMJ4PE&amp;apos;, ip: &amp;apos;192.168.1.152&amp;apos;, os.name: &amp;apos;Windows 10&amp;apos;, os.arch: &amp;apos;amd64&amp;apos;, os.version: &amp;apos;10.0&amp;apos;, java.version: &amp;apos;1.8.0_181&amp;apos;
Driver info: driver.version: ChromeDriver
remote stacktrace: Backtrace:
	Ordinal0 [0x0028A113+1548563]
	Ordinal0 [0x0020DDA1+1039777]
	Ordinal0 [0x0018E32E+516910]
	Ordinal0 [0x00188012+491538]
	Ordinal0 [0x001886EB+493291]
	Ordinal0 [0x00189855+497749]
	Ordinal0 [0x00185885+481413]
	Ordinal0 [0x0018F0D0+520400]
	Ordinal0 [0x0013C030+180272]
	Ordinal0 [0x0013B59D+177565]
	Ordinal0 [0x001395FB+169467]
	Ordinal0 [0x0012160A+71178]
	Ordinal0 [0x00122690+75408]
	Ordinal0 [0x00122629+75305]
	Ordinal0 [0x002271B7+1143223]
	GetHandleVerifier [0x00322B46+507814]
	GetHandleVerifier [0x00322864+507076]
	GetHandleVerifier [0x00329F47+537511]
	GetHandleVerifier [0x00323402+510050]
	Ordinal0 [0x0021F29C+1110684]
	Ordinal0 [0x0022938B+1151883]
	Ordinal0 [0x002294F3+1152243]
	Ordinal0 [0x002283F5+1147893]
	BaseThreadInitThunk [0x75A26359+25]
	RtlGetAppContainerNamedObjectPath [0x773F7B74+228]
	RtlGetAppContainerNamedObjectPath [0x773F7B44+180]
">
      <![CDATA[org.openqa.selenium.SessionNotCreatedException: session not created
from chrome not reachable
  (Session info: chrome=79.0.3945.130)
Build info: version: '3.141.59', revision: 'e82be7d358', time: '2018-11-14T08:17:03'
System info: host: 'DESKTOP-SAMJ4PE', ip: '192.168.1.152', os.name: 'Windows 10', os.arch: 'amd64', os.version: '10.0', java.version: '1.8.0_181'
Driver info: driver.version: ChromeDriver
remote stacktrace: Backtrace:
	Ordinal0 [0x0028A113+1548563]
	Ordinal0 [0x0020DDA1+1039777]
	Ordinal0 [0x0018E32E+516910]
	Ordinal0 [0x00188012+491538]
	Ordinal0 [0x001886EB+493291]
	Ordinal0 [0x00189855+497749]
	Ordinal0 [0x00185885+481413]
	Ordinal0 [0x0018F0D0+520400]
	Ordinal0 [0x0013C030+180272]
	Ordinal0 [0x0013B59D+177565]
	Ordinal0 [0x001395FB+169467]
	Ordinal0 [0x0012160A+71178]
	Ordinal0 [0x00122690+75408]
	Ordinal0 [0x00122629+75305]
	Ordinal0 [0x002271B7+1143223]
	GetHandleVerifier [0x00322B46+507814]
	GetHandleVerifier [0x00322864+507076]
	GetHandleVerifier [0x00329F47+537511]
	GetHandleVerifier [0x00323402+510050]
	Ordinal0 [0x0021F29C+1110684]
	Ordinal0 [0x0022938B+1151883]
	Ordinal0 [0x002294F3+1152243]
	Ordinal0 [0x002283F5+1147893]
	BaseThreadInitThunk [0x75A26359+25]
	RtlGetAppContainerNamedObjectPath [0x773F7B74+228]
	RtlGetAppContainerNamedObjectPath [0x773F7B44+180]

	at org.openqa.selenium.remote.W3CHandshakeResponse.lambda$errorHandler$0(W3CHandshakeResponse.java:62)
	at org.openqa.selenium.remote.HandshakeResponse.lambda$getResponseFunction$0(HandshakeResponse.java:30)
	at org.openqa.selenium.remote.ProtocolHandshake.lambda$createSession$0(ProtocolHandshake.java:126)
	at java.util.stream.ReferencePipeline$3$1.accept(ReferencePipeline.java:193)
	at java.util.Spliterators$ArraySpliterator.tryAdvance(Spliterators.java:958)
	at java.util.stream.ReferencePipeline.forEachWithCancel(ReferencePipeline.java:126)
	at java.util.stream.AbstractPipeline.copyIntoWithCancel(AbstractPipeline.java:498)
	at java.util.stream.AbstractPipeline.copyInto(AbstractPipeline.java:485)
	at java.util.stream.AbstractPipeline.wrapAndCopyInto(AbstractPipeline.java:471)
	at java.util.stream.FindOps$FindOp.evaluateSequential(FindOps.java:152)
	at java.util.stream.AbstractPipeline.evaluate(AbstractPipeline.java:234)
	at java.util.stream.ReferencePipeline.findFirst(ReferencePipeline.java:464)
	at org.openqa.selenium.remote.ProtocolHandshake.createSession(ProtocolHandshake.java:128)
	at org.openqa.selenium.remote.ProtocolHandshake.createSession(ProtocolHandshake.java:74)
	at org.openqa.selenium.remote.HttpCommandExecutor.execute(HttpCommandExecutor.java:136)
	at org.openqa.selenium.remote.service.DriverCommandExecutor.execute(DriverCommandExecutor.java:83)
	at org.openqa.selenium.remote.RemoteWebDriver.execute(RemoteWebDriver.java:552)
	at org.openqa.selenium.remote.RemoteWebDriver.startSession(RemoteWebDriver.java:213)
	at org.openqa.selenium.remote.RemoteWebDriver.<init>(RemoteWebDriver.java:131)
	at org.openqa.selenium.chrome.ChromeDriver.<init>(ChromeDriver.java:181)
	at org.openqa.selenium.chrome.ChromeDriver.<init>(ChromeDriver.java:168)
	at org.openqa.selenium.chrome.ChromeDriver.<init>(ChromeDriver.java:123)
	at com.orglearningMaven.HelloWorldTest.Login(HelloWorldTest.java:14)
	at org.apache.maven.surefire.testng.TestNGExecutor.run(TestNGExecutor.java:135)
	at org.apache.maven.surefire.testng.TestNGDirectoryTestSuite.executeSingleClass(TestNGDirectoryTestSuite.java:112)
	at org.apache.maven.surefire.testng.TestNGDirectoryTestSuite.execute(TestNGDirectoryTestSuite.java:99)
	at org.apache.maven.surefire.testng.TestNGProvider.invoke(TestNGProvider.java:146)
	at org.apache.maven.surefire.booter.ForkedBooter.invokeProviderInSameClassLoader(ForkedBooter.java:384)
	at org.apache.maven.surefire.booter.ForkedBooter.runSuitesInProcess(ForkedBooter.java:345)
	at org.apache.maven.surefire.booter.ForkedBooter.execute(ForkedBooter.java:126)
	at org.apache.maven.surefire.booter.ForkedBooter.main(ForkedBooter.java:418)
... Removed 25 stack frames]]>
    </failure>
  </testcase> <!-- Login -->
</testsuite> <!-- Surefire test -->
