-------------------------------------------------------------------------------
Test set: com.orglearningMaven.HelloWorldTest
-------------------------------------------------------------------------------
Tests run: 1, Failures: 1, Errors: 0, Skipped: 0, Time elapsed: 1.504 s <<< FAILURE! - in com.orglearningMaven.HelloWorldTest
Login(com.orglearningMaven.HelloWorldTest)  Time elapsed: 0.125 s  <<< FAILURE!
java.lang.IllegalStateException: The driver executable does not exist: C:\lib\chromedriver.exe
	at com.orglearningMaven.HelloWorldTest.Login(HelloWorldTest.java:13)

