-------------------------------------------------------------------------------
Test set: com.orglearningMaven.HelloWorldTest
-------------------------------------------------------------------------------
Tests run: 3, Failures: 1, Errors: 0, Skipped: 0, Time elapsed: 10.412 s <<< FAILURE! - in com.orglearningMaven.HelloWorldTest
testPageTitleSampleA(com.orglearningMaven.HelloWorldTest)  Time elapsed: 0.012 s  <<< FAILURE!
java.lang.NullPointerException
	at com.orglearningMaven.HelloWorldTest.testPageTitleSampleA(HelloWorldTest.java:29)

