-------------------------------------------------------------------------------
Test set: com.orglearningMaven.HelloWorldTest
-------------------------------------------------------------------------------
Tests run: 1, Failures: 1, Errors: 0, Skipped: 0, Time elapsed: 1.414 s <<< FAILURE! - in com.orglearningMaven.HelloWorldTest
Login(com.orglearningMaven.HelloWorldTest)  Time elapsed: 0.132 s  <<< FAILURE!
java.lang.IllegalStateException: The path to the driver executable must be set by the webdriver.chrome.driver system property; for more information, see https://github.com/SeleniumHQ/selenium/wiki/ChromeDriver. The latest version can be downloaded from http://chromedriver.storage.googleapis.com/index.html
	at com.orglearningMaven.HelloWorldTest.Login(HelloWorldTest.java:14)

