<?xml version="1.0" encoding="UTF-8"?>
<testsuite xmlns:xsi="http://www.w3.org/2001/XMLSchema-instance" xsi:noNamespaceSchemaLocation="https://maven.apache.org/surefire/maven-surefire-plugin/xsd/surefire-test-report-3.0.xsd" version="3.0" name="com.orglearningMaven.HelloWorldTest" time="18.298" tests="1" errors="0" skipped="0" failures="1">
  <properties>
[...]
</properties>
  <testcase name="Login" classname="com.orglearningMaven.HelloWorldTest" time="17.05">
    <failure message="session not created&#10;from chrome not reachable&#10;  (Session info: chrome=79.0.3945.130)&#10;Build info: version: &apos;3.141.59&apos;, revision: &apos;e82be7d358&apos;, time: &apos;2018-11-14T08:17:03&apos;&#10;System info: host: &apos;DESKTOP-SAMJ4PE&apos;, ip: &apos;192.168.1.152&apos;, os.name: &apos;Windows 10&apos;, os.arch: &apos;amd64&apos;, os.version: &apos;10.0&apos;, java.version: &apos;1.8.0_181&apos;&#10;Driver info: driver.version: ChromeDriver&#10;remote stacktrace: Backtrace:&#10;	Ordinal0 [0x0028A113+1548563]&#10;	Ordinal0 [0x0020DDA1+1039777]&#10;	Ordinal0 [0x0018E32E+516910]&#10;	Ordinal0 [0x00188012+491538]&#10;	Ordinal0 [0x001886EB+493291]&#10;	Ordinal0 [0x00189855+497749]&#10;	Ordinal0 [0x00185885+481413]&#10;	Ordinal0 [0x0018F0D0+520400]&#10;	Ordinal0 [0x0013C030+180272]&#10;	Ordinal0 [0x0013B59D+177565]&#10;	Ordinal0 [0x001395FB+169467]&#10;	Ordinal0 [0x0012160A+71178]&#10;	Ordinal0 [0x00122690+75408]&#10;	Ordinal0 [0x00122629+75305]&#10;	Ordinal0 [0x002271B7+1143223]&#10;	GetHandleVerifier [0x00322B46+507814]&#10;	GetHandleVerifier [0x00322864+507076]&#10;	GetHandleVerifier [0x00329F47+537511]&#10;	GetHandleVerifier [0x00323402+510050]&#10;	Ordinal0 [0x0021F29C+1110684]&#10;	Ordinal0 [0x0022938B+1151883]&#10;	Ordinal0 [0x002294F3+1152243]&#10;	Ordinal0 [0x002283F5+1147893]&#10;	BaseThreadInitThunk [0x75A26359+25]&#10;	RtlGetAppContainerNamedObjectPath [0x773F7B74+228]&#10;	RtlGetAppContainerNamedObjectPath [0x773F7B44+180]&#10;" type="org.openqa.selenium.SessionNotCreatedException">org.openqa.selenium.SessionNotCreatedException: 
session not created
from chrome not reachable
  (Session info: chrome=79.0.3945.130)
Build info: version: '3.141.59', revision: 'e82be7d358', time: '2018-11-14T08:17:03'
System info: host: 'DESKTOP-SAMJ4PE', ip: '192.168.1.152', os.name: 'Windows 10', os.arch: 'amd64', os.version: '10.0', java.version: '1.8.0_181'
Driver info: driver.version: ChromeDriver
remote stacktrace: Backtrace:
	Ordinal0 [0x0028A113+1548563]
	Ordinal0 [0x0020DDA1+1039777]
	Ordinal0 [0x0018E32E+516910]
	Ordinal0 [0x00188012+491538]
	Ordinal0 [0x001886EB+493291]
	Ordinal0 [0x00189855+497749]
	Ordinal0 [0x00185885+481413]
	Ordinal0 [0x0018F0D0+520400]
	Ordinal0 [0x0013C030+180272]
	Ordinal0 [0x0013B59D+177565]
	Ordinal0 [0x001395FB+169467]
	Ordinal0 [0x0012160A+71178]
	Ordinal0 [0x00122690+75408]
	Ordinal0 [0x00122629+75305]
	Ordinal0 [0x002271B7+1143223]
	GetHandleVerifier [0x00322B46+507814]
	GetHandleVerifier [0x00322864+507076]
	GetHandleVerifier [0x00329F47+537511]
	GetHandleVerifier [0x00323402+510050]
	Ordinal0 [0x0021F29C+1110684]
	Ordinal0 [0x0022938B+1151883]
	Ordinal0 [0x002294F3+1152243]
	Ordinal0 [0x002283F5+1147893]
	BaseThreadInitThunk [0x75A26359+25]
	RtlGetAppContainerNamedObjectPath [0x773F7B74+228]
	RtlGetAppContainerNamedObjectPath [0x773F7B44+180]

	at com.orglearningMaven.HelloWorldTest.Login(HelloWorldTest.java:14)
</failure>
    <system-out><![CDATA[Logging into account
]]></system-out>
    <system-err><![CDATA[Starting ChromeDriver 79.0.3945.36 (3582db32b33893869b8c1339e8f4d9ed1816f143-refs/branch-heads/3945@{#614}) on port 28998
Only local connections are allowed.
Please protect ports used by ChromeDriver and related test frameworks to prevent access by malicious code.
[1579788938.089][WARNING]: Timed out connecting to Chrome, retrying...
[1579788942.090][WARNING]: Timed out connecting to Chrome, retrying...
]]></system-err>
  </testcase>
</testsuite>