<?xml version="1.0" encoding="UTF-8"?>
<testng-results skipped="0" failed="0" ignored="0" total="1" passed="1">
  <reporter-output>
  </reporter-output>
  <suite name="Default suite" duration-ms="9875" started-at="2020-01-23T20:29:14 IST" finished-at="2020-01-23T20:29:24 IST">
    <groups>
    </groups>
    <test name="Default test" duration-ms="9875" started-at="2020-01-23T20:29:14 IST" finished-at="2020-01-23T20:29:24 IST">
      <class name="com.orglearningMaven.HelloWorldTest">
        <test-method status="PASS" signature="Login()[pri:0, instance:com.orglearningMaven.HelloWorldTest@5ae63ade]" name="Login" duration-ms="9811" started-at="2020-01-23T20:29:14 IST" finished-at="2020-01-23T20:29:24 IST">
          <reporter-output>
          </reporter-output>
        </test-method> <!-- Login -->
      </class> <!-- com.orglearningMaven.HelloWorldTest -->
    </test> <!-- Default test -->
  </suite> <!-- Default suite -->
</testng-results>
